res_index.res
af.res
af_NA.res
af_ZA.res
am.res
am_ET.res
ar.res
ar_001.res
ar_AE.res
ar_BH.res
ar_DJ.res
ar_DZ.res
ar_EG.res
ar_EH.res
ar_ER.res
ar_IL.res
ar_IQ.res
ar_JO.res
ar_KM.res
ar_KW.res
ar_LB.res
ar_LY.res
ar_MA.res
ar_MR.res
ar_OM.res
ar_PS.res
ar_QA.res
ar_SA.res
ar_SD.res
ar_SO.res
ar_SS.res
ar_SY.res
ar_TD.res
ar_TN.res
ar_YE.res
az.res
az_AZ.res
az_Cyrl.res
az_Cyrl_AZ.res
az_Latn.res
az_Latn_AZ.res
be.res
be_BY.res
bg.res
bg_BG.res
big5-html.cnv
bn.res
bn_BD.res
bn_IN.res
brkitr/res_index.res
brkitr/burmesedict.dict
brkitr/char.brk
brkitr/de.res
brkitr/el.res
brkitr/en.res
brkitr/en_US.res
brkitr/es.res
brkitr/fi.res
brkitr/fr.res
brkitr/it.res
brkitr/ja.res
brkitr/khmerdict.dict
brkitr/laodict.dict
brkitr/line.brk
brkitr/line_loose.brk
brkitr/line_loose_cj.brk
brkitr/line_normal.brk
brkitr/line_normal_cj.brk
brkitr/pt.res
brkitr/root.res
brkitr/ru.res
brkitr/sent.brk
brkitr/sent_el.brk
brkitr/sv.res
brkitr/thaidict.dict
brkitr/word.brk
brkitr/word_fi_sv.brk
brkitr/word_ja.brk
brkitr/zh.res
brkitr/zh_Hant.res
bs.res
bs_BA.res
bs_Cyrl.res
bs_Cyrl_BA.res
bs_Latn.res
bs_Latn_BA.res
ca.res
ca_AD.res
ca_ES.res
ca_FR.res
ca_IT.res
cnvalias.icu
coll/res_index.res
coll/af.res
coll/am.res
coll/ar.res
coll/ar_SA.res
coll/az.res
coll/bg.res
coll/bn.res
coll/ca.res
coll/cs.res
coll/da.res
coll/de.res
coll/de_.res
coll/de_AT.res
coll/de__PHONEBOOK.res
coll/el.res
coll/en.res
coll/en_US.res
coll/es.res
coll/es_.res
coll/es__TRADITIONAL.res
coll/et.res
coll/fa.res
coll/fa_AF.res
coll/fi.res
coll/fil.res
coll/fr.res
coll/fr_CA.res
coll/gl.res
coll/gu.res
coll/he.res
coll/he_IL.res
coll/hi.res
coll/hr.res
coll/hu.res
coll/hy.res
coll/id.res
coll/id_ID.res
coll/is.res
coll/it.res
coll/iw.res
coll/iw_IL.res
coll/ja.res
coll/ka.res
coll/kk.res
coll/km.res
coll/kn.res
coll/ko.res
coll/ky.res
coll/lo.res
coll/lt.res
coll/lv.res
coll/mk.res
coll/ml.res
coll/mn.res
coll/mr.res
coll/ms.res
coll/my.res
coll/ne.res
coll/nl.res
coll/no.res
coll/no_NO.res
coll/pa.res
coll/pa_Guru.res
coll/pa_Guru_IN.res
coll/pa_IN.res
coll/pl.res
coll/pt.res
coll/ro.res
coll/root.res
coll/ru.res
coll/si.res
coll/sk.res
coll/sl.res
coll/sq.res
coll/sr.res
coll/sr_BA.res
coll/sr_Cyrl.res
coll/sr_Cyrl_BA.res
coll/sr_Cyrl_ME.res
coll/sr_Cyrl_RS.res
coll/sr_Latn.res
coll/sr_Latn_BA.res
coll/sr_Latn_RS.res
coll/sr_ME.res
coll/sr_RS.res
coll/sv.res
coll/sw.res
coll/ta.res
coll/te.res
coll/th.res
coll/tr.res
coll/ucadata.icu
coll/uk.res
coll/ur.res
coll/uz.res
coll/vi.res
coll/zh.res
coll/zh_CN.res
coll/zh_HK.res
coll/zh_Hans.res
coll/zh_Hans_CN.res
coll/zh_Hans_SG.res
coll/zh_Hant.res
coll/zh_Hant_HK.res
coll/zh_Hant_MO.res
coll/zh_Hant_TW.res
coll/zh_MO.res
coll/zh_SG.res
coll/zh_TW.res
coll/zu.res
confusables.cfu
cs.res
cs_CZ.res
curr/res_index.res
curr/af.res
curr/af_NA.res
curr/am.res
curr/ar.res
curr/ar_AE.res
curr/ar_DJ.res
curr/ar_ER.res
curr/ar_KM.res
curr/ar_LB.res
curr/ar_SA.res
curr/ar_SO.res
curr/ar_SS.res
curr/az.res
curr/az_AZ.res
curr/az_Cyrl.res
curr/az_Latn.res
curr/az_Latn_AZ.res
curr/bg.res
curr/bn.res
curr/bn_IN.res
curr/ca.res
curr/ca_FR.res
curr/cs.res
curr/da.res
curr/de.res
curr/de_CH.res
curr/de_LI.res
curr/de_LU.res
curr/el.res
curr/en.res
curr/en_001.res
curr/en_150.res
curr/en_AE.res
curr/en_AG.res
curr/en_AI.res
curr/en_AT.res
curr/en_AU.res
curr/en_BB.res
curr/en_BE.res
curr/en_BI.res
curr/en_BM.res
curr/en_BS.res
curr/en_BW.res
curr/en_BZ.res
curr/en_CA.res
curr/en_CC.res
curr/en_CH.res
curr/en_CK.res
curr/en_CM.res
curr/en_CX.res
curr/en_CY.res
curr/en_DE.res
curr/en_DG.res
curr/en_DK.res
curr/en_DM.res
curr/en_ER.res
curr/en_FI.res
curr/en_FJ.res
curr/en_FK.res
curr/en_FM.res
curr/en_GB.res
curr/en_GD.res
curr/en_GG.res
curr/en_GH.res
curr/en_GI.res
curr/en_GM.res
curr/en_GY.res
curr/en_HK.res
curr/en_IE.res
curr/en_IL.res
curr/en_IM.res
curr/en_IN.res
curr/en_IO.res
curr/en_JE.res
curr/en_JM.res
curr/en_KE.res
curr/en_KI.res
curr/en_KN.res
curr/en_KY.res
curr/en_LC.res
curr/en_LR.res
curr/en_LS.res
curr/en_MG.res
curr/en_MO.res
curr/en_MS.res
curr/en_MT.res
curr/en_MU.res
curr/en_MV.res
curr/en_MW.res
curr/en_MY.res
curr/en_NA.res
curr/en_NF.res
curr/en_NG.res
curr/en_NH.res
curr/en_NL.res
curr/en_NR.res
curr/en_NU.res
curr/en_NZ.res
curr/en_PG.res
curr/en_PH.res
curr/en_PK.res
curr/en_PN.res
curr/en_PW.res
curr/en_RH.res
curr/en_RW.res
curr/en_SB.res
curr/en_SC.res
curr/en_SD.res
curr/en_SE.res
curr/en_SG.res
curr/en_SH.res
curr/en_SI.res
curr/en_SL.res
curr/en_SS.res
curr/en_SX.res
curr/en_SZ.res
curr/en_TC.res
curr/en_TK.res
curr/en_TO.res
curr/en_TT.res
curr/en_TV.res
curr/en_TZ.res
curr/en_UG.res
curr/en_VC.res
curr/en_VG.res
curr/en_VU.res
curr/en_WS.res
curr/en_ZA.res
curr/en_ZM.res
curr/en_ZW.res
curr/es.res
curr/es_419.res
curr/es_AR.res
curr/es_BO.res
curr/es_BR.res
curr/es_BZ.res
curr/es_CL.res
curr/es_CO.res
curr/es_CR.res
curr/es_CU.res
curr/es_DO.res
curr/es_EC.res
curr/es_GQ.res
curr/es_GT.res
curr/es_HN.res
curr/es_MX.res
curr/es_NI.res
curr/es_PA.res
curr/es_PE.res
curr/es_PH.res
curr/es_PR.res
curr/es_PY.res
curr/es_SV.res
curr/es_US.res
curr/es_UY.res
curr/es_VE.res
curr/et.res
curr/eu.res
curr/fa.res
curr/fa_AF.res
curr/fi.res
curr/fil.res
curr/fil_PH.res
curr/fr.res
curr/fr_BI.res
curr/fr_CA.res
curr/fr_CD.res
curr/fr_DJ.res
curr/fr_DZ.res
curr/fr_GN.res
curr/fr_HT.res
curr/fr_KM.res
curr/fr_LU.res
curr/fr_MG.res
curr/fr_MR.res
curr/fr_MU.res
curr/fr_RW.res
curr/fr_SC.res
curr/fr_SY.res
curr/fr_TN.res
curr/fr_VU.res
curr/gl.res
curr/gu.res
curr/he.res
curr/he_IL.res
curr/hi.res
curr/hi_Latn.res
curr/hr.res
curr/hr_BA.res
curr/hu.res
curr/hy.res
curr/id.res
curr/id_ID.res
curr/is.res
curr/it.res
curr/iw.res
curr/iw_IL.res
curr/ja.res
curr/ka.res
curr/kk.res
curr/km.res
curr/kn.res
curr/ko.res
curr/ky.res
curr/lo.res
curr/lt.res
curr/lv.res
curr/mk.res
curr/ml.res
curr/mn.res
curr/mr.res
curr/ms.res
curr/ms_BN.res
curr/ms_ID.res
curr/ms_SG.res
curr/my.res
curr/ne.res
curr/nl.res
curr/nl_AW.res
curr/nl_BQ.res
curr/nl_CW.res
curr/nl_SR.res
curr/nl_SX.res
curr/no.res
curr/no_NO.res
curr/no_NO_NY.res
curr/pa.res
curr/pa_Arab.res
curr/pa_Arab_PK.res
curr/pa_Guru.res
curr/pa_Guru_IN.res
curr/pa_IN.res
curr/pa_PK.res
curr/pl.res
curr/pool.res
curr/pt.res
curr/pt_AO.res
curr/pt_CH.res
curr/pt_CV.res
curr/pt_GQ.res
curr/pt_GW.res
curr/pt_LU.res
curr/pt_MO.res
curr/pt_MZ.res
curr/pt_PT.res
curr/pt_ST.res
curr/pt_TL.res
curr/ro.res
curr/ro_MD.res
curr/root.res
curr/ru.res
curr/ru_BY.res
curr/ru_KG.res
curr/ru_KZ.res
curr/ru_MD.res
curr/si.res
curr/sk.res
curr/sl.res
curr/sq.res
curr/sq_MK.res
curr/sr.res
curr/sr_BA.res
curr/sr_CS.res
curr/sr_Cyrl.res
curr/sr_Cyrl_BA.res
curr/sr_Cyrl_CS.res
curr/sr_Cyrl_RS.res
curr/sr_Cyrl_XK.res
curr/sr_Cyrl_YU.res
curr/sr_Latn.res
curr/sr_Latn_BA.res
curr/sr_Latn_CS.res
curr/sr_Latn_ME.res
curr/sr_Latn_RS.res
curr/sr_Latn_YU.res
curr/sr_ME.res
curr/sr_RS.res
curr/sr_XK.res
curr/sr_YU.res
curr/supplementalData.res
curr/sv.res
curr/sw.res
curr/sw_CD.res
curr/sw_KE.res
curr/sw_UG.res
curr/ta.res
curr/ta_LK.res
curr/ta_MY.res
curr/ta_SG.res
curr/te.res
curr/th.res
curr/tr.res
curr/uk.res
curr/ur.res
curr/ur_IN.res
curr/uz.res
curr/uz_AF.res
curr/uz_Arab.res
curr/uz_Arab_AF.res
curr/uz_Cyrl.res
curr/uz_Latn.res
curr/uz_Latn_UZ.res
curr/uz_UZ.res
curr/vi.res
curr/zh.res
curr/zh_CN.res
curr/zh_HK.res
curr/zh_Hans.res
curr/zh_Hans_CN.res
curr/zh_Hans_HK.res
curr/zh_Hans_MO.res
curr/zh_Hans_SG.res
curr/zh_Hant.res
curr/zh_Hant_HK.res
curr/zh_Hant_MO.res
curr/zh_Hant_TW.res
curr/zh_MO.res
curr/zh_SG.res
curr/zh_TW.res
curr/zu.res
currencyNumericCodes.res
da.res
da_DK.res
da_GL.res
dayPeriods.res
de.res
de_AT.res
de_BE.res
de_CH.res
de_DE.res
de_IT.res
de_LI.res
de_LU.res
el.res
el_CY.res
el_GR.res
en.res
en_001.res
en_150.res
en_AE.res
en_AG.res
en_AI.res
en_AS.res
en_AT.res
en_AU.res
en_BB.res
en_BE.res
en_BI.res
en_BM.res
en_BS.res
en_BW.res
en_BZ.res
en_CA.res
en_CC.res
en_CH.res
en_CK.res
en_CM.res
en_CX.res
en_CY.res
en_DE.res
en_DG.res
en_DK.res
en_DM.res
en_ER.res
en_FI.res
en_FJ.res
en_FK.res
en_FM.res
en_GB.res
en_GD.res
en_GG.res
en_GH.res
en_GI.res
en_GM.res
en_GU.res
en_GY.res
en_HK.res
en_IE.res
en_IL.res
en_IM.res
en_IN.res
en_IO.res
en_JE.res
en_JM.res
en_KE.res
en_KI.res
en_KN.res
en_KY.res
en_LC.res
en_LR.res
en_LS.res
en_MG.res
en_MH.res
en_MO.res
en_MP.res
en_MS.res
en_MT.res
en_MU.res
en_MV.res
en_MW.res
en_MY.res
en_NA.res
en_NF.res
en_NG.res
en_NH.res
en_NL.res
en_NR.res
en_NU.res
en_NZ.res
en_PG.res
en_PH.res
en_PK.res
en_PN.res
en_PR.res
en_PW.res
en_RH.res
en_RW.res
en_SB.res
en_SC.res
en_SD.res
en_SE.res
en_SG.res
en_SH.res
en_SI.res
en_SL.res
en_SS.res
en_SX.res
en_SZ.res
en_TC.res
en_TK.res
en_TO.res
en_TT.res
en_TV.res
en_TZ.res
en_UG.res
en_UM.res
en_US.res
en_US_POSIX.res
en_VC.res
en_VG.res
en_VI.res
en_VU.res
en_WS.res
en_ZA.res
en_ZM.res
en_ZW.res
es.res
es_419.res
es_AR.res
es_BO.res
es_BR.res
es_BZ.res
es_CL.res
es_CO.res
es_CR.res
es_CU.res
es_DO.res
es_EA.res
es_EC.res
es_ES.res
es_GQ.res
es_GT.res
es_HN.res
es_IC.res
es_MX.res
es_NI.res
es_PA.res
es_PE.res
es_PH.res
es_PR.res
es_PY.res
es_SV.res
es_US.res
es_UY.res
es_VE.res
et.res
et_EE.res
eu.res
eu_ES.res
euc-jp-html.cnv
euc-kr-html.cnv
fa.res
fa_AF.res
fa_IR.res
fi.res
fi_FI.res
fil.res
fil_PH.res
fr.res
fr_BE.res
fr_BF.res
fr_BI.res
fr_BJ.res
fr_BL.res
fr_CA.res
fr_CD.res
fr_CF.res
fr_CG.res
fr_CH.res
fr_CI.res
fr_CM.res
fr_DJ.res
fr_DZ.res
fr_FR.res
fr_GA.res
fr_GF.res
fr_GN.res
fr_GP.res
fr_GQ.res
fr_HT.res
fr_KM.res
fr_LU.res
fr_MA.res
fr_MC.res
fr_MF.res
fr_MG.res
fr_ML.res
fr_MQ.res
fr_MR.res
fr_MU.res
fr_NC.res
fr_NE.res
fr_PF.res
fr_PM.res
fr_RE.res
fr_RW.res
fr_SC.res
fr_SN.res
fr_SY.res
fr_TD.res
fr_TG.res
fr_TN.res
fr_VU.res
fr_WF.res
fr_YT.res
gb18030.cnv
genderList.res
gl.res
gl_ES.res
grammaticalFeatures.res
gu.res
gu_IN.res
he.res
he_IL.res
hi.res
hi_IN.res
hi_Latn.res
hi_Latn_IN.res
hr.res
hr_BA.res
hr_HR.res
hu.res
hu_HU.res
hy.res
hy_AM.res
ibm866-html.cnv
icustd.res
icuver.res
id.res
id_ID.res
is.res
is_IS.res
iso-8859-10-html.cnv
iso-8859-13-html.cnv
iso-8859-14-html.cnv
iso-8859-15-html.cnv
iso-8859-16-html.cnv
iso-8859-2-html.cnv
iso-8859-3-html.cnv
iso-8859-4-html.cnv
iso-8859-5-html.cnv
iso-8859-6-html.cnv
iso-8859-7-html.cnv
iso-8859-8-html.cnv
it.res
it_CH.res
it_IT.res
it_SM.res
it_VA.res
iw.res
iw_IL.res
ja.res
ja_JP.res
ja_JP_TRADITIONAL.res
ka.res
ka_GE.res
keyTypeData.res
kk.res
kk_KZ.res
km.res
km_KH.res
kn.res
kn_IN.res
ko.res
ko_KP.res
ko_KR.res
koi8-r-html.cnv
koi8-u-html.cnv
ku.res
ku_TR.res
ky.res
ky_KG.res
lang/res_index.res
lang/af.res
lang/am.res
lang/ar.res
lang/ar_EG.res
lang/ar_LY.res
lang/ar_SA.res
lang/az.res
lang/az_AZ.res
lang/az_Cyrl.res
lang/az_Latn.res
lang/az_Latn_AZ.res
lang/be.res
lang/bg.res
lang/bn.res
lang/bn_IN.res
lang/bs.res
lang/bs_BA.res
lang/bs_Cyrl.res
lang/bs_Latn.res
lang/bs_Latn_BA.res
lang/ca.res
lang/cs.res
lang/da.res
lang/de.res
lang/de_AT.res
lang/de_CH.res
lang/el.res
lang/en.res
lang/en_001.res
lang/en_150.res
lang/en_AG.res
lang/en_AI.res
lang/en_AT.res
lang/en_AU.res
lang/en_BB.res
lang/en_BE.res
lang/en_BM.res
lang/en_BS.res
lang/en_BW.res
lang/en_BZ.res
lang/en_CA.res
lang/en_CC.res
lang/en_CH.res
lang/en_CK.res
lang/en_CM.res
lang/en_CX.res
lang/en_CY.res
lang/en_DE.res
lang/en_DG.res
lang/en_DK.res
lang/en_DM.res
lang/en_ER.res
lang/en_FI.res
lang/en_FJ.res
lang/en_FK.res
lang/en_FM.res
lang/en_GB.res
lang/en_GD.res
lang/en_GG.res
lang/en_GH.res
lang/en_GI.res
lang/en_GM.res
lang/en_GY.res
lang/en_HK.res
lang/en_IE.res
lang/en_IL.res
lang/en_IM.res
lang/en_IN.res
lang/en_IO.res
lang/en_JE.res
lang/en_JM.res
lang/en_KE.res
lang/en_KI.res
lang/en_KN.res
lang/en_KY.res
lang/en_LC.res
lang/en_LR.res
lang/en_LS.res
lang/en_MG.res
lang/en_MO.res
lang/en_MS.res
lang/en_MT.res
lang/en_MU.res
lang/en_MV.res
lang/en_MW.res
lang/en_MY.res
lang/en_NA.res
lang/en_NF.res
lang/en_NG.res
lang/en_NH.res
lang/en_NL.res
lang/en_NR.res
lang/en_NU.res
lang/en_NZ.res
lang/en_PG.res
lang/en_PK.res
lang/en_PN.res
lang/en_PW.res
lang/en_RH.res
lang/en_RW.res
lang/en_SB.res
lang/en_SC.res
lang/en_SD.res
lang/en_SE.res
lang/en_SG.res
lang/en_SH.res
lang/en_SI.res
lang/en_SL.res
lang/en_SS.res
lang/en_SX.res
lang/en_SZ.res
lang/en_TC.res
lang/en_TK.res
lang/en_TO.res
lang/en_TT.res
lang/en_TV.res
lang/en_TZ.res
lang/en_UG.res
lang/en_VC.res
lang/en_VG.res
lang/en_VU.res
lang/en_WS.res
lang/en_ZA.res
lang/en_ZM.res
lang/en_ZW.res
lang/es.res
lang/es_419.res
lang/es_AR.res
lang/es_BO.res
lang/es_BR.res
lang/es_BZ.res
lang/es_CL.res
lang/es_CO.res
lang/es_CR.res
lang/es_CU.res
lang/es_DO.res
lang/es_EC.res
lang/es_GT.res
lang/es_HN.res
lang/es_MX.res
lang/es_NI.res
lang/es_PA.res
lang/es_PE.res
lang/es_PR.res
lang/es_PY.res
lang/es_SV.res
lang/es_US.res
lang/es_UY.res
lang/es_VE.res
lang/et.res
lang/eu.res
lang/fa.res
lang/fa_AF.res
lang/fi.res
lang/fil.res
lang/fil_PH.res
lang/fr.res
lang/fr_BE.res
lang/fr_CA.res
lang/fr_CH.res
lang/gl.res
lang/gu.res
lang/he.res
lang/he_IL.res
lang/hi.res
lang/hi_Latn.res
lang/hr.res
lang/hu.res
lang/hy.res
lang/id.res
lang/id_ID.res
lang/is.res
lang/it.res
lang/iw.res
lang/iw_IL.res
lang/ja.res
lang/ka.res
lang/kk.res
lang/km.res
lang/kn.res
lang/ko.res
lang/ku.res
lang/ky.res
lang/lo.res
lang/lt.res
lang/lv.res
lang/mk.res
lang/ml.res
lang/mn.res
lang/mr.res
lang/ms.res
lang/my.res
lang/ne.res
lang/nl.res
lang/no.res
lang/no_NO.res
lang/no_NO_NY.res
lang/or.res
lang/pa.res
lang/pa_Arab.res
lang/pa_Arab_PK.res
lang/pa_Guru.res
lang/pa_Guru_IN.res
lang/pa_IN.res
lang/pa_PK.res
lang/pl.res
lang/pool.res
lang/pt.res
lang/pt_AO.res
lang/pt_CH.res
lang/pt_CV.res
lang/pt_GQ.res
lang/pt_GW.res
lang/pt_LU.res
lang/pt_MO.res
lang/pt_MZ.res
lang/pt_PT.res
lang/pt_ST.res
lang/pt_TL.res
lang/ro.res
lang/ro_MD.res
lang/root.res
lang/ru.res
lang/si.res
lang/sk.res
lang/sl.res
lang/sq.res
lang/sr.res
lang/sr_BA.res
lang/sr_CS.res
lang/sr_Cyrl.res
lang/sr_Cyrl_BA.res
lang/sr_Cyrl_CS.res
lang/sr_Cyrl_ME.res
lang/sr_Cyrl_RS.res
lang/sr_Cyrl_XK.res
lang/sr_Cyrl_YU.res
lang/sr_Latn.res
lang/sr_Latn_BA.res
lang/sr_Latn_CS.res
lang/sr_Latn_ME.res
lang/sr_Latn_RS.res
lang/sr_Latn_XK.res
lang/sr_Latn_YU.res
lang/sr_ME.res
lang/sr_RS.res
lang/sr_XK.res
lang/sr_YU.res
lang/sv.res
lang/sv_FI.res
lang/sw.res
lang/sw_CD.res
lang/sw_KE.res
lang/ta.res
lang/te.res
lang/th.res
lang/tr.res
lang/uk.res
lang/ur.res
lang/ur_IN.res
lang/uz.res
lang/uz_AF.res
lang/uz_Arab.res
lang/uz_Arab_AF.res
lang/uz_Cyrl.res
lang/uz_Latn.res
lang/uz_Latn_UZ.res
lang/uz_UZ.res
lang/vi.res
lang/zh.res
lang/zh_CN.res
lang/zh_HK.res
lang/zh_Hans.res
lang/zh_Hans_CN.res
lang/zh_Hans_SG.res
lang/zh_Hant.res
lang/zh_Hant_HK.res
lang/zh_Hant_MO.res
lang/zh_Hant_TW.res
lang/zh_MO.res
lang/zh_SG.res
lang/zh_TW.res
lang/zu.res
langInfo.res
likelySubtags.res
lo.res
lo_LA.res
lt.res
lt_LT.res
lv.res
lv_LV.res
macintosh-html.cnv
metaZones.res
metadata.res
mk.res
mk_MK.res
ml.res
ml_IN.res
mn.res
mn_MN.res
mr.res
mr_IN.res
ms.res
ms_BN.res
ms_ID.res
ms_MY.res
ms_SG.res
my.res
my_MM.res
ne.res
ne_IN.res
ne_NP.res
nfkc.nrm
nfkc_cf.nrm
nl.res
nl_AW.res
nl_BE.res
nl_BQ.res
nl_CW.res
nl_NL.res
nl_SR.res
nl_SX.res
no.res
no_NO.res
no_NO_NY.res
numberingSystems.res
or.res
or_IN.res
pa.res
pa_Arab.res
pa_Arab_PK.res
pa_Guru.res
pa_Guru_IN.res
pa_IN.res
pa_PK.res
pl.res
pl_PL.res
pluralRanges.res
plurals.res
pool.res
pt.res
pt_AO.res
pt_BR.res
pt_CH.res
pt_CV.res
pt_GQ.res
pt_GW.res
pt_LU.res
pt_MO.res
pt_MZ.res
pt_PT.res
pt_ST.res
pt_TL.res
rbnf/res_index.res
rbnf/ja.res
rbnf/zh.res
region/res_index.res
region/af.res
region/am.res
region/ar.res
region/ar_AE.res
region/ar_LY.res
region/ar_SA.res
region/az.res
region/az_AZ.res
region/az_Cyrl.res
region/az_Latn.res
region/az_Latn_AZ.res
region/bg.res
region/bn.res
region/bn_IN.res
region/ca.res
region/cs.res
region/da.res
region/de.res
region/de_AT.res
region/de_CH.res
region/el.res
region/en.res
region/en_001.res
region/en_150.res
region/en_AG.res
region/en_AI.res
region/en_AT.res
region/en_AU.res
region/en_BB.res
region/en_BE.res
region/en_BM.res
region/en_BS.res
region/en_BW.res
region/en_BZ.res
region/en_CA.res
region/en_CC.res
region/en_CH.res
region/en_CK.res
region/en_CM.res
region/en_CX.res
region/en_CY.res
region/en_DE.res
region/en_DG.res
region/en_DK.res
region/en_DM.res
region/en_ER.res
region/en_FI.res
region/en_FJ.res
region/en_FK.res
region/en_FM.res
region/en_GB.res
region/en_GD.res
region/en_GG.res
region/en_GH.res
region/en_GI.res
region/en_GM.res
region/en_GY.res
region/en_HK.res
region/en_IE.res
region/en_IL.res
region/en_IM.res
region/en_IN.res
region/en_IO.res
region/en_JE.res
region/en_JM.res
region/en_KE.res
region/en_KI.res
region/en_KN.res
region/en_KY.res
region/en_LC.res
region/en_LR.res
region/en_LS.res
region/en_MG.res
region/en_MO.res
region/en_MS.res
region/en_MT.res
region/en_MU.res
region/en_MV.res
region/en_MW.res
region/en_MY.res
region/en_NA.res
region/en_NF.res
region/en_NG.res
region/en_NH.res
region/en_NL.res
region/en_NR.res
region/en_NU.res
region/en_NZ.res
region/en_PG.res
region/en_PK.res
region/en_PN.res
region/en_PW.res
region/en_RH.res
region/en_RW.res
region/en_SB.res
region/en_SC.res
region/en_SD.res
region/en_SE.res
region/en_SG.res
region/en_SH.res
region/en_SI.res
region/en_SL.res
region/en_SS.res
region/en_SX.res
region/en_SZ.res
region/en_TC.res
region/en_TK.res
region/en_TO.res
region/en_TT.res
region/en_TV.res
region/en_TZ.res
region/en_UG.res
region/en_VC.res
region/en_VG.res
region/en_VU.res
region/en_WS.res
region/en_ZA.res
region/en_ZM.res
region/en_ZW.res
region/es.res
region/es_419.res
region/es_AR.res
region/es_BO.res
region/es_BR.res
region/es_BZ.res
region/es_CL.res
region/es_CO.res
region/es_CR.res
region/es_CU.res
region/es_DO.res
region/es_EC.res
region/es_GT.res
region/es_HN.res
region/es_MX.res
region/es_NI.res
region/es_PA.res
region/es_PE.res
region/es_PR.res
region/es_PY.res
region/es_SV.res
region/es_US.res
region/es_UY.res
region/es_VE.res
region/et.res
region/eu.res
region/fa.res
region/fa_AF.res
region/fi.res
region/fil.res
region/fil_PH.res
region/fr.res
region/fr_BE.res
region/fr_CA.res
region/gl.res
region/gu.res
region/he.res
region/he_IL.res
region/hi.res
region/hi_Latn.res
region/hr.res
region/hu.res
region/hy.res
region/id.res
region/id_ID.res
region/is.res
region/it.res
region/iw.res
region/iw_IL.res
region/ja.res
region/ka.res
region/kk.res
region/km.res
region/kn.res
region/ko.res
region/ko_KP.res
region/ky.res
region/lo.res
region/lt.res
region/lv.res
region/mk.res
region/ml.res
region/mn.res
region/mr.res
region/ms.res
region/my.res
region/ne.res
region/nl.res
region/no.res
region/no_NO.res
region/no_NO_NY.res
region/pa.res
region/pa_Arab.res
region/pa_Arab_PK.res
region/pa_Guru.res
region/pa_Guru_IN.res
region/pa_IN.res
region/pa_PK.res
region/pl.res
region/pool.res
region/pt.res
region/pt_AO.res
region/pt_CH.res
region/pt_CV.res
region/pt_GQ.res
region/pt_GW.res
region/pt_LU.res
region/pt_MO.res
region/pt_MZ.res
region/pt_PT.res
region/pt_ST.res
region/pt_TL.res
region/ro.res
region/ro_MD.res
region/root.res
region/ru.res
region/ru_UA.res
region/si.res
region/sk.res
region/sl.res
region/sq.res
region/sr.res
region/sr_BA.res
region/sr_CS.res
region/sr_Cyrl.res
region/sr_Cyrl_BA.res
region/sr_Cyrl_CS.res
region/sr_Cyrl_ME.res
region/sr_Cyrl_RS.res
region/sr_Cyrl_XK.res
region/sr_Cyrl_YU.res
region/sr_Latn.res
region/sr_Latn_BA.res
region/sr_Latn_CS.res
region/sr_Latn_ME.res
region/sr_Latn_RS.res
region/sr_Latn_XK.res
region/sr_Latn_YU.res
region/sr_ME.res
region/sr_RS.res
region/sr_XK.res
region/sr_YU.res
region/sv.res
region/sw.res
region/sw_CD.res
region/sw_KE.res
region/ta.res
region/te.res
region/th.res
region/tr.res
region/uk.res
region/ur.res
region/ur_IN.res
region/uz.res
region/uz_AF.res
region/uz_Arab.res
region/uz_Arab_AF.res
region/uz_Cyrl.res
region/uz_Latn.res
region/uz_Latn_UZ.res
region/uz_UZ.res
region/vi.res
region/zh.res
region/zh_CN.res
region/zh_HK.res
region/zh_Hans.res
region/zh_Hans_CN.res
region/zh_Hans_SG.res
region/zh_Hant.res
region/zh_Hant_HK.res
region/zh_Hant_MO.res
region/zh_Hant_TW.res
region/zh_MO.res
region/zh_SG.res
region/zh_TW.res
region/zu.res
ro.res
ro_MD.res
ro_RO.res
root.res
ru.res
ru_BY.res
ru_KG.res
ru_KZ.res
ru_MD.res
ru_RU.res
ru_UA.res
shift_jis-html.cnv
si.res
si_LK.res
sk.res
sk_SK.res
sl.res
sl_SI.res
sq.res
sq_AL.res
sq_MK.res
sq_XK.res
sr.res
sr_BA.res
sr_CS.res
sr_Cyrl.res
sr_Cyrl_BA.res
sr_Cyrl_CS.res
sr_Cyrl_ME.res
sr_Cyrl_RS.res
sr_Cyrl_XK.res
sr_Cyrl_YU.res
sr_Latn.res
sr_Latn_BA.res
sr_Latn_CS.res
sr_Latn_ME.res
sr_Latn_RS.res
sr_Latn_XK.res
sr_Latn_YU.res
sr_ME.res
sr_RS.res
sr_XK.res
sr_YU.res
supplementalData.res
sv.res
sv_AX.res
sv_FI.res
sv_SE.res
sw.res
sw_CD.res
sw_KE.res
sw_TZ.res
sw_UG.res
ta.res
ta_IN.res
ta_LK.res
ta_MY.res
ta_SG.res
te.res
te_IN.res
th.res
th_TH.res
th_TH_TRADITIONAL.res
timezoneTypes.res
tr.res
tr_CY.res
tr_TR.res
translit/root.res
uemoji.icu
uk.res
uk_UA.res
ulayout.icu
unit/res_index.res
unit/af.res
unit/am.res
unit/ar.res
unit/ar_SA.res
unit/az.res
unit/az_AZ.res
unit/az_Cyrl.res
unit/az_Latn.res
unit/az_Latn_AZ.res
unit/bg.res
unit/bn.res
unit/bn_IN.res
unit/ca.res
unit/cs.res
unit/da.res
unit/de.res
unit/de_CH.res
unit/el.res
unit/en.res
unit/en_001.res
unit/en_150.res
unit/en_AG.res
unit/en_AI.res
unit/en_AT.res
unit/en_AU.res
unit/en_BB.res
unit/en_BE.res
unit/en_BM.res
unit/en_BS.res
unit/en_BW.res
unit/en_BZ.res
unit/en_CA.res
unit/en_CC.res
unit/en_CH.res
unit/en_CK.res
unit/en_CM.res
unit/en_CX.res
unit/en_CY.res
unit/en_DE.res
unit/en_DG.res
unit/en_DK.res
unit/en_DM.res
unit/en_ER.res
unit/en_FI.res
unit/en_FJ.res
unit/en_FK.res
unit/en_FM.res
unit/en_GB.res
unit/en_GD.res
unit/en_GG.res
unit/en_GH.res
unit/en_GI.res
unit/en_GM.res
unit/en_GY.res
unit/en_HK.res
unit/en_IE.res
unit/en_IL.res
unit/en_IM.res
unit/en_IN.res
unit/en_IO.res
unit/en_JE.res
unit/en_JM.res
unit/en_KE.res
unit/en_KI.res
unit/en_KN.res
unit/en_KY.res
unit/en_LC.res
unit/en_LR.res
unit/en_LS.res
unit/en_MG.res
unit/en_MO.res
unit/en_MS.res
unit/en_MT.res
unit/en_MU.res
unit/en_MV.res
unit/en_MW.res
unit/en_MY.res
unit/en_NA.res
unit/en_NF.res
unit/en_NG.res
unit/en_NH.res
unit/en_NL.res
unit/en_NR.res
unit/en_NU.res
unit/en_NZ.res
unit/en_PG.res
unit/en_PK.res
unit/en_PN.res
unit/en_PW.res
unit/en_RH.res
unit/en_RW.res
unit/en_SB.res
unit/en_SC.res
unit/en_SD.res
unit/en_SE.res
unit/en_SG.res
unit/en_SH.res
unit/en_SI.res
unit/en_SL.res
unit/en_SS.res
unit/en_SX.res
unit/en_SZ.res
unit/en_TC.res
unit/en_TK.res
unit/en_TO.res
unit/en_TT.res
unit/en_TV.res
unit/en_TZ.res
unit/en_UG.res
unit/en_VC.res
unit/en_VG.res
unit/en_VU.res
unit/en_WS.res
unit/en_ZA.res
unit/en_ZM.res
unit/en_ZW.res
unit/es.res
unit/es_419.res
unit/es_AR.res
unit/es_BO.res
unit/es_BR.res
unit/es_BZ.res
unit/es_CL.res
unit/es_CO.res
unit/es_CR.res
unit/es_CU.res
unit/es_DO.res
unit/es_EC.res
unit/es_GT.res
unit/es_HN.res
unit/es_MX.res
unit/es_NI.res
unit/es_PA.res
unit/es_PE.res
unit/es_PR.res
unit/es_PY.res
unit/es_SV.res
unit/es_US.res
unit/es_UY.res
unit/es_VE.res
unit/et.res
unit/eu.res
unit/fa.res
unit/fi.res
unit/fil.res
unit/fil_PH.res
unit/fr.res
unit/fr_CA.res
unit/fr_HT.res
unit/gl.res
unit/gu.res
unit/he.res
unit/he_IL.res
unit/hi.res
unit/hi_Latn.res
unit/hr.res
unit/hu.res
unit/hy.res
unit/id.res
unit/id_ID.res
unit/is.res
unit/it.res
unit/iw.res
unit/iw_IL.res
unit/ja.res
unit/ka.res
unit/kk.res
unit/km.res
unit/kn.res
unit/ko.res
unit/ky.res
unit/lo.res
unit/lt.res
unit/lv.res
unit/mk.res
unit/ml.res
unit/mn.res
unit/mr.res
unit/ms.res
unit/my.res
unit/ne.res
unit/nl.res
unit/no.res
unit/no_NO.res
unit/no_NO_NY.res
unit/pa.res
unit/pa_Arab.res
unit/pa_Arab_PK.res
unit/pa_Guru.res
unit/pa_Guru_IN.res
unit/pa_IN.res
unit/pa_PK.res
unit/pl.res
unit/pool.res
unit/pt.res
unit/pt_AO.res
unit/pt_CH.res
unit/pt_CV.res
unit/pt_GQ.res
unit/pt_GW.res
unit/pt_LU.res
unit/pt_MO.res
unit/pt_MZ.res
unit/pt_PT.res
unit/pt_ST.res
unit/pt_TL.res
unit/ro.res
unit/ro_MD.res
unit/root.res
unit/ru.res
unit/si.res
unit/sk.res
unit/sl.res
unit/sq.res
unit/sr.res
unit/sr_BA.res
unit/sr_CS.res
unit/sr_Cyrl.res
unit/sr_Cyrl_BA.res
unit/sr_Cyrl_CS.res
unit/sr_Cyrl_RS.res
unit/sr_Cyrl_XK.res
unit/sr_Cyrl_YU.res
unit/sr_Latn.res
unit/sr_Latn_BA.res
unit/sr_Latn_CS.res
unit/sr_Latn_ME.res
unit/sr_Latn_RS.res
unit/sr_Latn_YU.res
unit/sr_ME.res
unit/sr_RS.res
unit/sr_XK.res
unit/sr_YU.res
unit/sv.res
unit/sv_FI.res
unit/sw.res
unit/sw_KE.res
unit/ta.res
unit/te.res
unit/th.res
unit/tr.res
unit/uk.res
unit/ur.res
unit/ur_IN.res
unit/uz.res
unit/uz_AF.res
unit/uz_Arab.res
unit/uz_Arab_AF.res
unit/uz_Cyrl.res
unit/uz_Latn.res
unit/uz_Latn_UZ.res
unit/uz_UZ.res
unit/vi.res
unit/zh.res
unit/zh_CN.res
unit/zh_HK.res
unit/zh_Hans.res
unit/zh_Hans_CN.res
unit/zh_Hans_HK.res
unit/zh_Hans_MO.res
unit/zh_Hans_SG.res
unit/zh_Hant.res
unit/zh_Hant_HK.res
unit/zh_Hant_MO.res
unit/zh_Hant_TW.res
unit/zh_MO.res
unit/zh_SG.res
unit/zh_TW.res
unit/zu.res
units.res
ur.res
ur_IN.res
ur_PK.res
uts46.nrm
uz.res
uz_AF.res
uz_Arab.res
uz_Arab_AF.res
uz_Cyrl.res
uz_Cyrl_UZ.res
uz_Latn.res
uz_Latn_UZ.res
uz_UZ.res
vi.res
vi_VN.res
windows-1250-html.cnv
windows-1251-html.cnv
windows-1252-html.cnv
windows-1253-html.cnv
windows-1254-html.cnv
windows-1255-html.cnv
windows-1256-html.cnv
windows-1257-html.cnv
windows-1258-html.cnv
windows-874-html.cnv
windows-936-2000.cnv
windowsZones.res
x-mac-cyrillic-html.cnv
zh.res
zh_CN.res
zh_HK.res
zh_Hans.res
zh_Hans_CN.res
zh_Hans_HK.res
zh_Hans_MO.res
zh_Hans_SG.res
zh_Hant.res
zh_Hant_HK.res
zh_Hant_MO.res
zh_Hant_TW.res
zh_MO.res
zh_SG.res
zh_TW.res
zone/res_index.res
zone/af.res
zone/am.res
zone/ar.res
zone/ar_SA.res
zone/az.res
zone/az_AZ.res
zone/az_Cyrl.res
zone/az_Latn.res
zone/az_Latn_AZ.res
zone/bg.res
zone/bn.res
zone/ca.res
zone/cs.res
zone/da.res
zone/de.res
zone/de_CH.res
zone/el.res
zone/en.res
zone/en_001.res
zone/en_150.res
zone/en_AE.res
zone/en_AG.res
zone/en_AI.res
zone/en_AT.res
zone/en_AU.res
zone/en_BB.res
zone/en_BE.res
zone/en_BM.res
zone/en_BS.res
zone/en_BW.res
zone/en_BZ.res
zone/en_CA.res
zone/en_CC.res
zone/en_CH.res
zone/en_CK.res
zone/en_CM.res
zone/en_CX.res
zone/en_CY.res
zone/en_DE.res
zone/en_DG.res
zone/en_DK.res
zone/en_DM.res
zone/en_ER.res
zone/en_FI.res
zone/en_FJ.res
zone/en_FK.res
zone/en_FM.res
zone/en_GB.res
zone/en_GD.res
zone/en_GG.res
zone/en_GH.res
zone/en_GI.res
zone/en_GM.res
zone/en_GU.res
zone/en_GY.res
zone/en_HK.res
zone/en_IE.res
zone/en_IL.res
zone/en_IM.res
zone/en_IN.res
zone/en_IO.res
zone/en_JE.res
zone/en_JM.res
zone/en_KE.res
zone/en_KI.res
zone/en_KN.res
zone/en_KY.res
zone/en_LC.res
zone/en_LR.res
zone/en_LS.res
zone/en_MG.res
zone/en_MH.res
zone/en_MO.res
zone/en_MP.res
zone/en_MS.res
zone/en_MT.res
zone/en_MU.res
zone/en_MV.res
zone/en_MW.res
zone/en_MY.res
zone/en_NA.res
zone/en_NF.res
zone/en_NG.res
zone/en_NH.res
zone/en_NL.res
zone/en_NR.res
zone/en_NU.res
zone/en_NZ.res
zone/en_PG.res
zone/en_PK.res
zone/en_PN.res
zone/en_PW.res
zone/en_RH.res
zone/en_RW.res
zone/en_SB.res
zone/en_SC.res
zone/en_SD.res
zone/en_SE.res
zone/en_SG.res
zone/en_SH.res
zone/en_SI.res
zone/en_SL.res
zone/en_SS.res
zone/en_SX.res
zone/en_SZ.res
zone/en_TC.res
zone/en_TK.res
zone/en_TO.res
zone/en_TT.res
zone/en_TV.res
zone/en_TZ.res
zone/en_UG.res
zone/en_VC.res
zone/en_VG.res
zone/en_VU.res
zone/en_WS.res
zone/en_ZA.res
zone/en_ZM.res
zone/en_ZW.res
zone/es.res
zone/es_419.res
zone/es_AR.res
zone/es_BO.res
zone/es_BR.res
zone/es_BZ.res
zone/es_CL.res
zone/es_CO.res
zone/es_CR.res
zone/es_CU.res
zone/es_DO.res
zone/es_EC.res
zone/es_GT.res
zone/es_HN.res
zone/es_MX.res
zone/es_NI.res
zone/es_PA.res
zone/es_PE.res
zone/es_PR.res
zone/es_PY.res
zone/es_SV.res
zone/es_US.res
zone/es_UY.res
zone/es_VE.res
zone/et.res
zone/eu.res
zone/fa.res
zone/fi.res
zone/fil.res
zone/fil_PH.res
zone/fr.res
zone/fr_CA.res
zone/fr_GF.res
zone/gl.res
zone/gu.res
zone/he.res
zone/he_IL.res
zone/hi.res
zone/hi_Latn.res
zone/hr.res
zone/hu.res
zone/hy.res
zone/id.res
zone/id_ID.res
zone/is.res
zone/it.res
zone/iw.res
zone/iw_IL.res
zone/ja.res
zone/ka.res
zone/kk.res
zone/km.res
zone/kn.res
zone/ko.res
zone/ko_KP.res
zone/ky.res
zone/lo.res
zone/lt.res
zone/lv.res
zone/mk.res
zone/ml.res
zone/mn.res
zone/mr.res
zone/ms.res
zone/ms_ID.res
zone/my.res
zone/ne.res
zone/ne_IN.res
zone/nl.res
zone/nl_SR.res
zone/no.res
zone/no_NO.res
zone/no_NO_NY.res
zone/pa.res
zone/pa_Arab.res
zone/pa_Arab_PK.res
zone/pa_Guru.res
zone/pa_Guru_IN.res
zone/pa_IN.res
zone/pa_PK.res
zone/pl.res
zone/pool.res
zone/pt.res
zone/pt_AO.res
zone/pt_CH.res
zone/pt_CV.res
zone/pt_GQ.res
zone/pt_GW.res
zone/pt_LU.res
zone/pt_MO.res
zone/pt_MZ.res
zone/pt_PT.res
zone/pt_ST.res
zone/pt_TL.res
zone/ro.res
zone/root.res
zone/ru.res
zone/si.res
zone/sk.res
zone/sl.res
zone/sq.res
zone/sr.res
zone/sr_BA.res
zone/sr_CS.res
zone/sr_Cyrl.res
zone/sr_Cyrl_BA.res
zone/sr_Cyrl_CS.res
zone/sr_Cyrl_RS.res
zone/sr_Cyrl_XK.res
zone/sr_Cyrl_YU.res
zone/sr_Latn.res
zone/sr_Latn_BA.res
zone/sr_Latn_CS.res
zone/sr_Latn_ME.res
zone/sr_Latn_RS.res
zone/sr_Latn_YU.res
zone/sr_ME.res
zone/sr_RS.res
zone/sr_XK.res
zone/sr_YU.res
zone/sv.res
zone/sw.res
zone/sw_KE.res
zone/ta.res
zone/ta_MY.res
zone/ta_SG.res
zone/te.res
zone/th.res
zone/tr.res
zone/tzdbNames.res
zone/uk.res
zone/ur.res
zone/ur_IN.res
zone/uz.res
zone/uz_AF.res
zone/uz_Arab.res
zone/uz_Arab_AF.res
zone/uz_Cyrl.res
zone/uz_Latn.res
zone/uz_Latn_UZ.res
zone/uz_UZ.res
zone/vi.res
zone/zh.res
zone/zh_CN.res
zone/zh_HK.res
zone/zh_Hans.res
zone/zh_Hans_CN.res
zone/zh_Hans_SG.res
zone/zh_Hant.res
zone/zh_Hant_HK.res
zone/zh_Hant_MO.res
zone/zh_Hant_TW.res
zone/zh_MO.res
zone/zh_SG.res
zone/zh_TW.res
zone/zu.res
zoneinfo64.res
zu.res
zu_ZA.res
